# JRE version: Java(TM) SE Runtime Environment (17.0.12+8) (build 17.0.12+8-LTS-286)
# Java VM: Java HotSpot(TM) 64-Bit Server VM (17.0.12+8-LTS-286, mixed mode, sharing, tiered, compressed oops, compressed class ptrs, g1 gc, windows-amd64)
GC Precious Log:
 CPUs: 4 total, 4 available
 Memory: 16336M
 Large Page Support: Disabled
 NUMA Support: Disabled
 Compressed Oops: Enabled (Zero based)
 Heap Region Size: 4M
 Heap Min Capacity: 8M
 Heap Initial Capacity: 256M
 Heap Max Capacity: 8G
 Pre-touch: Disabled
 Parallel Workers: 4
 Concurrent Workers: 1
 Concurrent Refinement Workers: 4
 Periodic GC: Disabled
Heap:
 garbage-first heap   total 1130496K, used 425772K [0x0000000600000000, 0x0000000800000000)
  region size 4096K, 2 young (8192K), 2 survivors (8192K)
 Metaspace       used 173377K, committed 175680K, reserved 1245184K
  class space    used 23315K, committed 24384K, reserved 1048576K
GC Heap History (20 events):
Event: 240.752 GC heap after
{Heap after GC invocations=79 (full 0):
 garbage-first heap   total 1130496K, used 391337K [0x0000000600000000, 0x0000000800000000)
  region size 4096K, 2 young (8192K), 2 survivors (8192K)
 Metaspace       used 172991K, committed 175232K, reserved 1245184K
  class space    used 23299K, committed 24320K, reserved 1048576K
}
Event: 242.814 GC heap before
{Heap before GC invocations=79 (full 0):
 garbage-first heap   total 1130496K, used 936105K [0x0000000600000000, 0x0000000800000000)
  region size 4096K, 135 young (552960K), 2 survivors (8192K)
 Metaspace       used 173205K, committed 175488K, reserved 1245184K
  class space    used 23323K, committed 24384K, reserved 1048576K
}
Event: 242.837 GC heap after
{Heap after GC invocations=80 (full 0):
 garbage-first heap   total 1130496K, used 392524K [0x0000000600000000, 0x0000000800000000)
  region size 4096K, 2 young (8192K), 2 survivors (8192K)
 Metaspace       used 173205K, committed 175488K, reserved 1245184K
  class space    used 23323K, committed 24384K, reserved 1048576K
}
Event: 245.117 GC heap before
{Heap before GC invocations=80 (full 0):
 garbage-first heap   total 1130496K, used 949580K [0x0000000600000000, 0x0000000800000000)
  region size 4096K, 138 young (565248K), 2 survivors (8192K)
 Metaspace       used 173367K, committed 175680K, reserved 1245184K
  class space    used 23330K, committed 24384K, reserved 1048576K
}
Event: 245.153 GC heap after
{Heap after GC invocations=81 (full 0):
 garbage-first heap   total 1130496K, used 424866K [0x0000000600000000, 0x0000000800000000)
  region size 4096K, 10 young (40960K), 10 survivors (40960K)
 Metaspace       used 173367K, committed 175680K, reserved 1245184K
  class space    used 23330K, committed 24384K, reserved 1048576K
}
Event: 247.663 GC heap before
{Heap before GC invocations=81 (full 0):
 garbage-first heap   total 1130496K, used 928674K [0x0000000600000000, 0x0000000800000000)
  region size 4096K, 133 young (544768K), 10 survivors (40960K)
 Metaspace       used 173420K, committed 175744K, reserved 1245184K
  class space    used 23331K, committed 24384K, reserved 1048576K
}
Event: 247.822 GC heap after
{Heap after GC invocations=82 (full 0):
 garbage-first heap   total 1130496K, used 427924K [0x0000000600000000, 0x0000000800000000)
  region size 4096K, 3 young (12288K), 3 survivors (12288K)
 Metaspace       used 173420K, committed 175744K, reserved 1245184K
  class space    used 23331K, committed 24384K, reserved 1048576K
}
Event: 252.994 GC heap before
{Heap before GC invocations=83 (full 0):
 garbage-first heap   total 1130496K, used 935828K [0x0000000600000000, 0x0000000800000000)
  region size 4096K, 128 young (524288K), 3 survivors (12288K)
 Metaspace       used 173190K, committed 175616K, reserved 1245184K
  class space    used 23313K, committed 24384K, reserved 1048576K
}
Event: 253.013 GC heap after
{Heap after GC invocations=84 (full 0):
 garbage-first heap   total 1130496K, used 426403K [0x0000000600000000, 0x0000000800000000)
  region size 4096K, 2 young (8192K), 2 survivors (8192K)
 Metaspace       used 173190K, committed 175616K, reserved 1245184K
  class space    used 23313K, committed 24384K, reserved 1048576K
}
Event: 253.258 GC heap before
{Heap before GC invocations=84 (full 0):
 garbage-first heap   total 1130496K, used 467363K [0x0000000600000000, 0x0000000800000000)
  region size 4096K, 13 young (53248K), 2 survivors (8192K)
 Metaspace       used 173195K, committed 175616K, reserved 1245184K
  class space    used 23313K, committed 24384K, reserved 1048576K
}
Event: 253.312 GC heap after
{Heap after GC invocations=85 (full 0):
 garbage-first heap   total 1130496K, used 422424K [0x0000000600000000, 0x0000000800000000)
  region size 4096K, 1 young (4096K), 1 survivors (4096K)
 Metaspace       used 173195K, committed 175616K, reserved 1245184K
  class space    used 23313K, committed 24384K, reserved 1048576K
}
Event: 255.143 GC heap before
{Heap before GC invocations=85 (full 0):
 garbage-first heap   total 1130496K, used 950808K [0x0000000600000000, 0x0000000800000000)
  region size 4096K, 130 young (532480K), 1 survivors (4096K)
 Metaspace       used 173260K, committed 175616K, reserved 1245184K
  class space    used 23314K, committed 24384K, reserved 1048576K
}
Event: 255.169 GC heap after
{Heap after GC invocations=86 (full 0):
 garbage-first heap   total 1130496K, used 440119K [0x0000000600000000, 0x0000000800000000)
  region size 4096K, 6 young (24576K), 6 survivors (24576K)
 Metaspace       used 173260K, committed 175616K, reserved 1245184K
  class space    used 23314K, committed 24384K, reserved 1048576K
}
Event: 256.733 GC heap before
{Heap before GC invocations=86 (full 0):
 garbage-first heap   total 1130496K, used 948023K [0x0000000600000000, 0x0000000800000000)
  region size 4096K, 130 young (532480K), 6 survivors (24576K)
 Metaspace       used 173268K, committed 175616K, reserved 1245184K
  class space    used 23315K, committed 24384K, reserved 1048576K
}
Event: 256.751 GC heap after
{Heap after GC invocations=87 (full 0):
 garbage-first heap   total 1130496K, used 442391K [0x0000000600000000, 0x0000000800000000)
  region size 4096K, 6 young (24576K), 6 survivors (24576K)
 Metaspace       used 173268K, committed 175616K, reserved 1245184K
  class space    used 23315K, committed 24384K, reserved 1048576K
}
Event: 258.144 GC heap before
{Heap before GC invocations=87 (full 0):
 garbage-first heap   total 1130496K, used 962583K [0x0000000600000000, 0x0000000800000000)
  region size 4096K, 133 young (544768K), 6 survivors (24576K)
 Metaspace       used 173289K, committed 175616K, reserved 1245184K
  class space    used 23315K, committed 24384K, reserved 1048576K
}
Event: 258.188 GC heap after
{Heap after GC invocations=88 (full 0):
 garbage-first heap   total 1130496K, used 445218K [0x0000000600000000, 0x0000000800000000)
  region size 4096K, 7 young (28672K), 7 survivors (28672K)
 Metaspace       used 173289K, committed 175616K, reserved 1245184K
  class space    used 23315K, committed 24384K, reserved 1048576K
}
Event: 261.071 GC heap before
{Heap before GC invocations=89 (full 0):
 garbage-first heap   total 1130496K, used 965410K [0x0000000600000000, 0x0000000800000000)
  region size 4096K, 134 young (548864K), 7 survivors (28672K)
 Metaspace       used 173372K, committed 175680K, reserved 1245184K
  class space    used 23315K, committed 24384K, reserved 1048576K
}
Event: 261.088 GC heap after
{Heap after GC invocations=90 (full 0):
 garbage-first heap   total 1130496K, used 439029K [0x0000000600000000, 0x0000000800000000)
  region size 4096K, 5 young (20480K), 5 survivors (20480K)
 Metaspace       used 173372K, committed 175680K, reserved 1245184K
  class space    used 23315K, committed 24384K, reserved 1048576K
}
Event: 261.296 GC heap before
{Heap before GC invocations=90 (full 0):
 garbage-first heap   total 1130496K, used 471797K [0x0000000600000000, 0x0000000800000000)
  region size 4096K, 13 young (53248K), 5 survivors (20480K)
 Metaspace       used 173377K, committed 175680K, reserved 1245184K
  class space    used 23315K, committed 24384K, reserved 1048576K
}

